INFO: 23/04/2024 14:57:00 - Original file: SP01889005651966000455LGX202403151250_002882.SBF
 Chuncks:
SP01889005651966000455LGX202403151250_000101.SBF_1,
SP01889005651966000455LGX202403151250_000102.SBF_102,
SP01889005651966000455LGX202403151250_000105.SBF_204,
SP01889005651966000455LGX202403151250_000102.SBF_309,
SP01889005651966000455LGX202403151250_000101.SBF_411,
SP01889005651966000455LGX202403151250_000103.SBF_512,
SP01889005651966000455LGX202403151250_000101.SBF_615,
SP01889005651966000455LGX202403151250_000101.SBF_716,
SP01889005651966000455LGX202403151250_000101.SBF_817,
SP01889005651966000455LGX202403151250_000101.SBF_918,
SP01889005651966000455LGX202403151250_000108.SBF_1019,
SP01889005651966000455LGX202403151250_000102.SBF_1127,
SP01889005651966000455LGX202403151250_000105.SBF_1229,
SP01889005651966000455LGX202403151250_000101.SBF_1334,
SP01889005651966000455LGX202403151250_000102.SBF_1435,
SP01889005651966000455LGX202403151250_000102.SBF_1537,
SP01889005651966000455LGX202403151250_000103.SBF_1639,
SP01889005651966000455LGX202403151250_000101.SBF_1742,
SP01889005651966000455LGX202403151250_000101.SBF_1843,
SP01889005651966000455LGX202403151250_000103.SBF_1944,
SP01889005651966000455LGX202403151250_000101.SBF_2047,
SP01889005651966000455LGX202403151250_000112.SBF_2148,
SP01889005651966000455LGX202403151250_000106.SBF_2260,
SP01889005651966000455LGX202403151250_000103.SBF_2366,
SP01889005651966000455LGX202403151250_000103.SBF_2469,
SP01889005651966000455LGX202403151250_000102.SBF_2572,
SP01889005651966000455LGX202403151250_000101.SBF_2674,
SP01889005651966000455LGX202403151250_000102.SBF_2775,
SP01889005651966000455LGX202403151250_000006.SBF_2877
INFO: 23/04/2024 14:57:00 - The file SP01890005651966000455LGX202403151250_000012.SDD does not need to be split!
